<?xml version="1.0" encoding="UTF-8"?>
<!-- Generated by org.testng.reporters.JUnitReportReporter -->
<testsuite skipped="0" hostname="E0449714" name="Appium.AndroidSample.PlusTC" tests="1" failures="0" timestamp="01 Apr 2019 13:45:14 GMT" time="22.731" errors="0">
  <testcase name="PlusMethod" time="22.731" classname="Appium.AndroidSample.PlusTC"/>
</testsuite> <!-- Appium.AndroidSample.PlusTC -->
