<?xml version="1.0" encoding="UTF-8"?>
<!-- Generated by org.testng.reporters.JUnitReportReporter -->
<testsuite skipped="0" hostname="E0449714" name="Appium.AndroidSample.ResetTC" tests="1" failures="0" timestamp="01 Apr 2019 14:01:38 GMT" time="24.170" errors="0">
  <testcase name="ResetMethod" time="24.170" classname="Appium.AndroidSample.ResetTC"/>
</testsuite> <!-- Appium.AndroidSample.ResetTC -->
