<?xml version="1.0" encoding="UTF-8"?>
<!-- Generated by org.testng.reporters.JUnitReportReporter -->
<testsuite skipped="0" hostname="E0449714" name="Appium.AndroidSample.SubtractionTC" tests="1" failures="0" timestamp="01 Apr 2019 13:52:43 GMT" time="22.757" errors="0">
  <testcase name="SubtractMethod" time="22.757" classname="Appium.AndroidSample.SubtractionTC"/>
</testsuite> <!-- Appium.AndroidSample.SubtractionTC -->
